<?xml version="1.0" encoding="UTF-8"?>
<!-- Generated by org.testng.reporters.JUnitXMLReporter -->
<testsuite ignored="1" hostname="DESKTOP-3TVFKPJ" failures="1" tests="2" name="LoginTest" time="0.128" errors="0" timestamp="2022-11-18T20:09:21 IST">
  <testcase classname="Listener_pr.LoginTest" name="LoginByEmail" time="0.032">
    <failure type="java.lang.AssertionError" message="expected [shAru] but found [sharu]">
      <![CDATA[java.lang.AssertionError: expected [shAru] but found [sharu]
at Listener_pr.LoginTest.LoginByEmail(LoginTest.java:12)
at java.base/java.util.ArrayList.forEach(ArrayList.java:1511)
... Removed 33 stack frames]]>
    </failure>
  </testcase> <!-- LoginByEmail -->
  <testcase classname="Listener_pr.LoginTest" name="LogeedIn" time="0.005"/>
  <testcase classname="Listener_pr.LoginTest" name="LoginByFacebook" time="0.0">
    <ignored/>
  </testcase> <!-- LoginByFacebook -->
</testsuite> <!-- LoginTest -->
